<?xml version="1.0" encoding="UTF-8"?>
<testsuite xmlns:xsi="http://www.w3.org/2001/XMLSchema-instance" xsi:noNamespaceSchemaLocation="https://maven.apache.org/surefire/maven-surefire-plugin/xsd/surefire-test-report.xsd" name="StringCalculatorTest" time="0.008" tests="8" errors="0" skipped="0" failures="1">
  <properties>
[...]
</properties>
  <testcase name="addNewLineIsValidDelimiter" classname="StringCalculatorTest" time="0.001"/>
  <testcase name="addNegativeNumbersAllAppearInExceptionMessage" classname="StringCalculatorTest" time="0.001">
    <failure message="expected: &lt;Negatives are not allowed: [-1, -2]&gt; but was: &lt;Negatives are not allowed: [-1]&gt;" type="org.opentest4j.AssertionFailedError"><![CDATA[org.opentest4j.AssertionFailedError: expected: <Negatives are not allowed: [-1, -2]> but was: <Negatives are not allowed: [-1]>
	at StringCalculatorTest.addNegativeNumbersAllAppearInExceptionMessage(StringCalculatorTest.java:51)
]]></failure>
  </testcase>
  <testcase name="addEmptyStringShouldBeZero" classname="StringCalculatorTest" time="0"/>
  <testcase name="addOneNumberShouldReturnIt" classname="StringCalculatorTest" time="0.001"/>
  <testcase name="addTestCustomDelimiter" classname="StringCalculatorTest" time="0"/>
  <testcase name="addTwoNumbersShouldReturnSum" classname="StringCalculatorTest" time="0"/>
  <testcase name="addNegativeNumbersThrowException" classname="StringCalculatorTest" time="0"/>
  <testcase name="addSeveralNumbersShouldReturnSum" classname="StringCalculatorTest" time="0"/>
</testsuite>